\BOOKMARK [1][-]{section.1}{\376\377\213\276\213\241\145\271\150\110}{}% 1
\BOOKMARK [2][-]{subsection.1.1}{\376\377\140\073\117\123\213\276\213\241}{section.1}% 2
\BOOKMARK [2][-]{subsection.1.2}{\376\377\000I\000F\226\066\153\265}{section.1}% 3
\BOOKMARK [2][-]{subsection.1.3}{\376\377\000I\000D\226\066\153\265}{section.1}% 4
\BOOKMARK [2][-]{subsection.1.4}{\376\377\000E\000X\226\066\153\265}{section.1}% 5
\BOOKMARK [2][-]{subsection.1.5}{\376\377\000M\000E\000M\226\066\153\265}{section.1}% 6
\BOOKMARK [2][-]{subsection.1.6}{\376\377\000W\000B\226\066\153\265}{section.1}% 7
\BOOKMARK [2][-]{subsection.1.7}{\376\377\122\006\145\057\116\016\215\363\217\154}{section.1}% 8
\BOOKMARK [2][-]{subsection.1.8}{\376\377\121\222\226\151\166\204\136\224\133\371}{section.1}% 9
\BOOKMARK [2][-]{subsection.1.9}{\376\377\116\055\145\255\116\016\137\002\136\070}{section.1}% 10
\BOOKMARK [2][-]{subsection.1.10}{\376\377\140\073\176\277\116\016\131\026\213\276}{section.1}% 11
\BOOKMARK [3][-]{subsubsection.1.10.1}{\376\377\145\160\143\156\133\130\120\250\126\150}{subsection.1.10}% 12
\BOOKMARK [3][-]{subsubsection.1.10.2}{\376\377\000L\000E\000D}{subsection.1.10}% 13
\BOOKMARK [3][-]{subsubsection.1.10.3}{\376\377\116\003\153\265\145\160\170\001\173\241\377\010\000S\000S\000D\000T\377\011}{subsection.1.10}% 14
\BOOKMARK [3][-]{subsubsection.1.10.4}{\376\377\174\373\176\337\145\366\224\237\213\241\145\160\126\150\377\010\000S\000y\000s\000T\000i\000c\000k\377\011}{subsection.1.10}% 15
\BOOKMARK [3][-]{subsubsection.1.10.5}{\376\377\133\232\145\366\126\150}{subsection.1.10}% 16
\BOOKMARK [1][-]{section.2}{\376\377\121\163\225\056\116\343\170\001\116\016\145\207\116\366\156\005\123\125}{}% 17
\BOOKMARK [2][-]{subsection.2.1}{\376\377\145\207\116\366\156\005\123\125}{section.2}% 18
\BOOKMARK [2][-]{subsection.2.2}{\376\377\121\163\225\056\116\343\170\001}{section.2}% 19
\BOOKMARK [1][-]{section.3}{\376\377\176\374\124\010\116\016\133\236\163\260\140\305\121\265}{}% 20
\BOOKMARK [2][-]{subsection.3.1}{\376\377\215\104\156\220\117\177\165\050\116\016\145\366\136\217\140\047\200\375}{section.3}% 21
\BOOKMARK [2][-]{subsection.3.2}{\376\377\116\377\167\037\232\214\213\301}{section.3}% 22
\BOOKMARK [1][-]{section.4}{\376\377\176\317\232\214\117\123\117\032}{}% 23
\BOOKMARK [1][-]{appendix.A}{\376\377\116\377\167\037\232\214\213\301\165\050\154\107\177\026}{}% 24
